<?xml version="1.0" encoding="UTF-8"?>
<!-- Generated by org.testng.reporters.JUnitReportReporter -->
<testsuite skipped="0" hostname="Unni-PC" name="com.test.via.TestClass" tests="2" failures="0" timestamp="2020-03-16T16:41:42 IST" time="0.006" errors="0">
  <testcase name="dummyfunction3" time="0.003" classname="com.test.via.TestClass"/>
  <system-out/>
  <testcase name="dummyfunction3" time="0.003" classname="com.test.via.TestClass"/>
  <system-out/>
</testsuite> <!-- com.test.via.TestClass -->
